{
  "RSpec": {
    "coverage": {
      "/Users/jaredrader/devshop/tipster/config/environment.rb": [
        null,
        1,
        null,
        null,
        1
      ],
      "/Users/jaredrader/devshop/tipster/config/application.rb": [
        1,
        null,
        null,
        1,
        1,
        1,
        1,
        1,
        1,
        null,
        null,
        null,
        null,
        1,
        null,
        1,
        1,
        null,
        null,
        null,
        null,
        null,
        null,
        null,
        null,
        null,
        null,
        null,
        null,
        null
      ],
      "/Users/jaredrader/devshop/tipster/config/boot.rb": [
        null,
        1,
        null,
        1
      ],
      "/Users/jaredrader/devshop/tipster/config/environments/test.rb": [
        1,
        null,
        null,
        null,
        null,
        null,
        null,
        1,
        null,
        null,
        null,
        null,
        1,
        null,
        null,
        1,
        1,
        null,
        null,
        1,
        1,
        null,
        null,
        1,
        null,
        null,
        1,
        null,
        null,
        null,
        null,
        1,
        null,
        null,
        1,
        null,
        1,
        null,
        null,
        null
      ],
      "/Users/jaredrader/devshop/tipster/config/initializers/airbrake.rb": [
        1,
        1,
        1,
        1,
        1,
        null
      ],
      "/Users/jaredrader/devshop/tipster/config/initializers/backtrace_silencers.rb": [
        null,
        null,
        null,
        null,
        null,
        null,
        null
      ],
      "/Users/jaredrader/devshop/tipster/config/initializers/cookies_serializer.rb": [
        null,
        null,
        1
      ],
      "/Users/jaredrader/devshop/tipster/config/initializers/errbit.rb": [
        1,
        1,
        1,
        1,
        1,
        null
      ],
      "/Users/jaredrader/devshop/tipster/config/initializers/filter_parameter_logging.rb": [
        null,
        null,
        null,
        1
      ],
      "/Users/jaredrader/devshop/tipster/config/initializers/inflections.rb": [
        null,
        null,
        null,
        null,
        null,
        null,
        null,
        null,
        null,
        null,
        null,
        null,
        null,
        null,
        null,
        null
      ],
      "/Users/jaredrader/devshop/tipster/config/initializers/mime_types.rb": [
        null,
        null,
        null,
        null
      ],
      "/Users/jaredrader/devshop/tipster/config/initializers/session_store.rb": [
        null,
        null,
        1
      ],
      "/Users/jaredrader/devshop/tipster/config/initializers/simple_form.rb": [
        null,
        1,
        null,
        null,
        null,
        null,
        null,
        1,
        null,
        null,
        null,
        null,
        null,
        null,
        null,
        null,
        null,
        1,
        null,
        null,
        null,
        1,
        null,
        null,
        null,
        null,
        null,
        null,
        null,
        null,
        1,
        null,
        null,
        1,
        null,
        null,
        1,
        null,
        null,
        1,
        null,
        null,
        1,
        1,
        1,
        null,
        null,
        null,
        1,
        null,
        null,
        null,
        null,
        null,
        1,
        null,
        null,
        1,
        null,
        null,
        null,
        null,
        null,
        null,
        null,
        1,
        null,
        null,
        1,
        null,
        null,
        null,
        null,
        null,
        null,
        null,
        null,
        null,
        null,
        null,
        null,
        null,
        null,
        null,
        null,
        null,
        null,
        null,
        null,
        null,
        null,
        null,
        null,
        null,
        null,
        null,
        null,
        1,
        null,
        null,
        null,
        null,
        null,
        null,
        null,
        null,
        null,
        null,
        null,
        null,
        null,
        null,
        null,
        1,
        null,
        null,
        null,
        null,
        null,
        null,
        null,
        null,
        null,
        null,
        null,
        null,
        null,
        null,
        null,
        null,
        null,
        null,
        null,
        null,
        null,
        null,
        null,
        null,
        null,
        null,
        null,
        null,
        null,
        null,
        null
      ],
      "/Users/jaredrader/devshop/tipster/config/initializers/wrap_parameters.rb": [
        null,
        null,
        null,
        null,
        null,
        null,
        1,
        1,
        null,
        null,
        null,
        null,
        null,
        null
      ],
      "/Users/jaredrader/devshop/tipster/spec/factories.rb": [
        1,
        1,
        1,
        1,
        1,
        null,
        null
      ],
      "/Users/jaredrader/devshop/tipster/config/routes.rb": [
        1,
        null,
        1,
        1,
        1,
        1,
        1,
        null,
        null,
        1,
        null
      ],
      "/Users/jaredrader/devshop/tipster/app/helpers/application_helper.rb": [
        1,
        null
      ],
      "/Users/jaredrader/devshop/tipster/spec/support/authentication_helpers.rb": [
        1,
        1,
        0,
        0,
        0,
        0,
        0,
        null,
        null,
        null,
        1,
        1,
        null,
        null,
        1,
        1,
        1,
        null,
        null,
        null,
        1,
        1,
        null
      ],
      "/Users/jaredrader/devshop/tipster/spec/support/database_cleaning.rb": [
        1,
        1,
        1,
        1,
        null,
        null,
        1,
        19,
        null,
        null,
        1,
        19,
        null,
        null
      ],
      "/Users/jaredrader/devshop/tipster/app/models/admin.rb": [
        1,
        null,
        null,
        7,
        null,
        null,
        1,
        null,
        null,
        1,
        null,
        1,
        34,
        null,
        null,
        1,
        null
      ],
      "/Users/jaredrader/devshop/tipster/app/controllers/admin/sessions_controller.rb": [
        1,
        1,
        null,
        1,
        null,
        null,
        1,
        7,
        null,
        7,
        4,
        4,
        4,
        null,
        3,
        3,
        null,
        null,
        null,
        1,
        2,
        2,
        2,
        null,
        null,
        null
      ],
      "/Users/jaredrader/devshop/tipster/app/controllers/admin/base_controller.rb": [
        1,
        1,
        null,
        1,
        null,
        1,
        4,
        2,
        2,
        null,
        null,
        null,
        1,
        null,
        1,
        4,
        null,
        null,
        1,
        null,
        null
      ],
      "/Users/jaredrader/devshop/tipster/app/controllers/application_controller.rb": [
        1,
        null,
        null,
        1,
        null,
        null
      ],
      "/Users/jaredrader/devshop/tipster/spec/controllers/dashboard_controller_spec.rb": [
        1,
        null,
        1,
        2,
        null,
        1,
        1,
        3,
        null,
        1,
        1,
        null,
        null,
        1,
        1,
        null,
        null,
        null,
        1,
        1,
        1,
        1,
        null,
        null,
        1,
        1,
        null,
        null,
        null,
        null
      ],
      "/Users/jaredrader/devshop/tipster/app/controllers/admin/dashboard_controller.rb": [
        1,
        1,
        null,
        1,
        null,
        null,
        null
      ],
      "/Users/jaredrader/devshop/tipster/spec/features/admin_sign_in_spec.rb": [
        1,
        null,
        1,
        2,
        3,
        null,
        1,
        null,
        1,
        1,
        1,
        null,
        1,
        null,
        null,
        1,
        1,
        1,
        1,
        null,
        1,
        null,
        null
      ],
      "/Users/jaredrader/devshop/tipster/spec/models/admin_spec.rb": [
        1,
        null,
        1,
        2,
        2,
        2,
        2,
        2,
        2,
        null
      ]
    },
    "timestamp": 1407212859
  }
}
